<?xml version="1.0" encoding="UTF-8"?>
<testng-results ignored="0" total="1" passed="1" failed="0" skipped="0">
  <reporter-output>
  </reporter-output>
  <suite started-at="2025-08-22T20:10:32 IST" name="Automation Suite" finished-at="2025-08-22T20:10:37 IST" duration-ms="4707">
    <groups>
    </groups>
    <test started-at="2025-08-22T20:10:32 IST" name="UI Tests" finished-at="2025-08-22T20:10:37 IST" duration-ms="4707">
      <class name="com.automation.tests.GoogleSearchTest">
        <test-method is-config="true" signature="setUp()[pri:0, instance:com.automation.tests.GoogleSearchTest@1677d1]" started-at="2025-08-22T20:10:33 IST" name="setUp" finished-at="2025-08-22T20:10:34 IST" duration-ms="1537" status="PASS">
          <reporter-output>
          </reporter-output>
        </test-method> <!-- setUp -->
        <test-method signature="testGoogleSearch()[pri:0, instance:com.automation.tests.GoogleSearchTest@1677d1]" started-at="2025-08-22T20:10:34 IST" name="testGoogleSearch" finished-at="2025-08-22T20:10:37 IST" duration-ms="3068" status="PASS">
          <reporter-output>
          </reporter-output>
        </test-method> <!-- testGoogleSearch -->
        <test-method is-config="true" signature="tearDown()[pri:0, instance:com.automation.tests.GoogleSearchTest@1677d1]" started-at="2025-08-22T20:10:37 IST" name="tearDown" finished-at="2025-08-22T20:10:37 IST" duration-ms="90" status="PASS">
          <reporter-output>
          </reporter-output>
        </test-method> <!-- tearDown -->
      </class> <!-- com.automation.tests.GoogleSearchTest -->
    </test> <!-- UI Tests -->
  </suite> <!-- Automation Suite -->
</testng-results>
